{"C:\\Users\\Perez\\Desktop\\procareWebApp\\etapa.test.js":{"path":"C:\\Users\\Perez\\Desktop\\procareWebApp\\etapa.test.js","s":{"1":1,"2":1,"3":1,"4":1,"5":1,"6":1,"7":0,"8":0,"9":0,"10":0,"11":0,"12":0,"13":0,"14":0,"15":0,"16":0,"17":0,"18":0,"19":0,"20":0,"21":0,"22":0,"23":0,"24":0,"25":0,"26":0,"27":0,"28":0,"29":0,"30":0,"31":0,"32":0,"33":0,"34":0,"35":0,"36":0,"37":0,"38":0,"39":0,"40":0,"41":0,"42":0,"43":0,"44":0,"45":0,"46":0,"47":0,"48":0,"49":0,"50":0,"51":0,"52":0,"53":0,"54":0,"55":0,"56":0,"57":0,"58":0,"59":0,"60":0},"b":{},"f":{"1":0,"2":0,"3":0,"4":0,"5":0,"6":0,"7":0},"fnMap":{"1":{"name":"(anonymous_1)","line":14,"loc":{"start":{"line":14,"column":19},"end":{"line":14,"column":30}}},"2":{"name":"(anonymous_2)","line":16,"loc":{"start":{"line":16,"column":36},"end":{"line":16,"column":50}}},"3":{"name":"(anonymous_3)","line":29,"loc":{"start":{"line":29,"column":36},"end":{"line":29,"column":50}}},"4":{"name":"(anonymous_4)","line":56,"loc":{"start":{"line":56,"column":73},"end":{"line":56,"column":87}}},"5":{"name":"(anonymous_5)","line":72,"loc":{"start":{"line":72,"column":27},"end":{"line":72,"column":41}}},"6":{"name":"(anonymous_6)","line":80,"loc":{"start":{"line":80,"column":38},"end":{"line":80,"column":52}}},"7":{"name":"(anonymous_7)","line":89,"loc":{"start":{"line":89,"column":24},"end":{"line":89,"column":38}}}},"statementMap":{"1":{"start":{"line":3,"column":0},"end":{"line":3,"column":30}},"2":{"start":{"line":4,"column":0},"end":{"line":4,"column":52}},"3":{"start":{"line":6,"column":0},"end":{"line":6,"column":27}},"4":{"start":{"line":7,"column":0},"end":{"line":7,"column":36}},"5":{"start":{"line":8,"column":0},"end":{"line":8,"column":36}},"6":{"start":{"line":9,"column":0},"end":{"line":9,"column":28}},"7":{"start":{"line":10,"column":0},"end":{"line":10,"column":27}},"8":{"start":{"line":12,"column":0},"end":{"line":12,"column":19}},"9":{"start":{"line":14,"column":0},"end":{"line":113,"column":3}},"10":{"start":{"line":15,"column":1},"end":{"line":70,"column":4}},"11":{"start":{"line":16,"column":2},"end":{"line":28,"column":5}},"12":{"start":{"line":17,"column":3},"end":{"line":27,"column":7}},"13":{"start":{"line":21,"column":5},"end":{"line":21,"column":24}},"14":{"start":{"line":22,"column":5},"end":{"line":22,"column":33}},"15":{"start":{"line":23,"column":5},"end":{"line":23,"column":36}},"16":{"start":{"line":24,"column":5},"end":{"line":24,"column":88}},"17":{"start":{"line":25,"column":5},"end":{"line":25,"column":63}},"18":{"start":{"line":26,"column":5},"end":{"line":26,"column":12}},"19":{"start":{"line":29,"column":2},"end":{"line":42,"column":5}},"20":{"start":{"line":30,"column":3},"end":{"line":41,"column":7}},"21":{"start":{"line":34,"column":5},"end":{"line":34,"column":24}},"22":{"start":{"line":35,"column":5},"end":{"line":35,"column":33}},"23":{"start":{"line":36,"column":5},"end":{"line":36,"column":36}},"24":{"start":{"line":37,"column":5},"end":{"line":37,"column":88}},"25":{"start":{"line":38,"column":5},"end":{"line":38,"column":63}},"26":{"start":{"line":39,"column":5},"end":{"line":39,"column":127}},"27":{"start":{"line":40,"column":5},"end":{"line":40,"column":12}},"28":{"start":{"line":56,"column":2},"end":{"line":69,"column":5}},"29":{"start":{"line":57,"column":3},"end":{"line":68,"column":7}},"30":{"start":{"line":61,"column":5},"end":{"line":61,"column":24}},"31":{"start":{"line":62,"column":5},"end":{"line":62,"column":33}},"32":{"start":{"line":63,"column":5},"end":{"line":63,"column":36}},"33":{"start":{"line":64,"column":5},"end":{"line":64,"column":88}},"34":{"start":{"line":65,"column":5},"end":{"line":65,"column":63}},"35":{"start":{"line":66,"column":5},"end":{"line":66,"column":98}},"36":{"start":{"line":67,"column":5},"end":{"line":67,"column":12}},"37":{"start":{"line":71,"column":1},"end":{"line":98,"column":4}},"38":{"start":{"line":72,"column":2},"end":{"line":79,"column":5}},"39":{"start":{"line":73,"column":3},"end":{"line":78,"column":7}},"40":{"start":{"line":76,"column":5},"end":{"line":76,"column":56}},"41":{"start":{"line":77,"column":5},"end":{"line":77,"column":12}},"42":{"start":{"line":80,"column":2},"end":{"line":88,"column":5}},"43":{"start":{"line":81,"column":3},"end":{"line":87,"column":7}},"44":{"start":{"line":84,"column":5},"end":{"line":84,"column":63}},"45":{"start":{"line":85,"column":5},"end":{"line":85,"column":111}},"46":{"start":{"line":86,"column":5},"end":{"line":86,"column":12}},"47":{"start":{"line":89,"column":2},"end":{"line":97,"column":5}},"48":{"start":{"line":90,"column":3},"end":{"line":96,"column":7}},"49":{"start":{"line":93,"column":5},"end":{"line":93,"column":63}},"50":{"start":{"line":94,"column":5},"end":{"line":94,"column":111}},"51":{"start":{"line":95,"column":5},"end":{"line":95,"column":12}},"52":{"start":{"line":99,"column":1},"end":{"line":112,"column":4}},"53":{"start":{"line":100,"column":2},"end":{"line":111,"column":5}},"54":{"start":{"line":101,"column":3},"end":{"line":110,"column":7}},"55":{"start":{"line":104,"column":5},"end":{"line":104,"column":24}},"56":{"start":{"line":105,"column":5},"end":{"line":105,"column":33}},"57":{"start":{"line":106,"column":5},"end":{"line":106,"column":62}},"58":{"start":{"line":107,"column":5},"end":{"line":107,"column":100}},"59":{"start":{"line":108,"column":5},"end":{"line":108,"column":41}},"60":{"start":{"line":109,"column":5},"end":{"line":109,"column":12}}},"branchMap":{}}}